17:21:44.392 [main] DEBUG org.jboss.logging logProvider - Logging Provider: org.jboss.logging.Log4j2LoggerProvider
17:21:44.506 [main] INFO  org.hibernate.jpa.internal.util.LogHelper logPersistenceUnitInformation - HHH000204: Processing PersistenceUnitInfo [name: HibernateOracle]
17:21:44.560 [main] INFO  org.hibernate.Version logVersion - HHH000412: Hibernate ORM core version 5.6.12.Final
17:21:44.755 [main] INFO  org.hibernate.annotations.common.Version <clinit> - HCANN000001: Hibernate Commons Annotations {5.1.2.Final}
17:21:44.999 [main] WARN  org.hibernate.orm.connections.pooling configure - HHH10001002: Using Hibernate built-in connection pool (not for production use!)
17:21:45.048 [main] INFO  org.hibernate.orm.connections.pooling buildCreator - HHH10001005: using driver [oracle.jdbc.OracleDriver] at URL [jdbc:oracle:thin:@localhost:1521:XE]
17:21:45.050 [main] INFO  org.hibernate.orm.connections.pooling buildCreator - HHH10001001: Connection properties: {password=****, user=curso}
17:21:45.050 [main] INFO  org.hibernate.orm.connections.pooling buildCreator - HHH10001003: Autocommit mode: false
17:21:45.055 [main] INFO  org.hibernate.engine.jdbc.connections.internal.DriverManagerConnectionProviderImpl <init> - HHH000115: Hibernate connection pool size: 20 (min=1)
17:21:45.311 [main] INFO  org.hibernate.dialect.Dialect <init> - HHH000400: Using dialect: org.hibernate.dialect.Oracle10gDialect
17:21:45.659 [main] WARN  org.hibernate.boot.internal.InFlightMetadataCollectorImpl addIdentifierGenerator - HHH000069: Duplicate generator name ADDRESSGEN
17:21:46.369 [main] INFO  org.hibernate.orm.connections.access getIsolatedConnection - HHH10001501: Connection obtained from JdbcConnectionAccess [org.hibernate.engine.jdbc.env.internal.JdbcEnvironmentInitiator$ConnectionProviderJdbcConnectionAccess@782fd504] for (non-JTA) DDL execution was not in auto-commit mode; the Connection 'local transaction' will be committed and the Connection will be set into auto-commit mode.
17:21:46.710 [main] INFO  org.hibernate.engine.transaction.jta.platform.internal.JtaPlatformInitiator initiateService - HHH000490: Using JtaPlatform implementation: [org.hibernate.engine.transaction.jta.platform.internal.NoJtaPlatform]
17:21:46.844 [main] INFO  entities.User insertUser - Usuario insertado con exito.
17:21:46.850 [main] INFO  entities.User insertUser - Usuario insertado con exito.
17:21:46.855 [main] INFO  entities.User insertUser - Usuario insertado con exito.
17:21:46.862 [main] INFO  entities.User insertUser - Usuario insertado con exito.
17:21:46.868 [main] INFO  entities.User insertUser - Usuario insertado con exito.
17:21:46.873 [main] INFO  entities.User insertUser - Usuario insertado con exito.
17:21:46.879 [main] INFO  entities.User insertUser - Usuario insertado con exito.
17:21:46.886 [main] INFO  entities.User insertUser - Usuario insertado con exito.
17:21:46.896 [main] INFO  entities.User insertUser - Usuario insertado con exito.
17:21:46.901 [main] INFO  entities.User insertUser - Usuario insertado con exito.
17:21:46.901 [main] INFO  entities.User ascListName - Consultando listado de Usuarios
17:21:47.019 [main] INFO  entities.User ascListDNI - Consultando listado de Usuarios
